{"/home/jaey/Projects/Javascript/Nodejs/playing-cards-api/src/index.ts": {"path":"/home/jaey/Projects/Javascript/Nodejs/playing-cards-api/src/index.ts","statementMap":{"0":{"start":{"line":1,"column":0},"end":{"line":1,"column":62}},"1":{"start":{"line":2,"column":0},"end":{"line":2,"column":48}},"2":{"start":{"line":3,"column":0},"end":{"line":3,"column":32}},"3":{"start":{"line":4,"column":0},"end":{"line":4,"column":28}},"4":{"start":{"line":5,"column":0},"end":{"line":5,"column":24}},"5":{"start":{"line":6,"column":0},"end":{"line":6,"column":35}},"6":{"start":{"line":7,"column":0},"end":{"line":7,"column":24}},"7":{"start":{"line":8,"column":0},"end":{"line":8,"column":39}},"8":{"start":{"line":9,"column":0},"end":{"line":9,"column":39}},"9":{"start":{"line":10,"column":0},"end":{"line":10,"column":45}},"10":{"start":{"line":11,"column":0},"end":{"line":11,"column":54}},"11":{"start":{"line":13,"column":0},"end":{"line":13,"column":40}},"12":{"start":{"line":15,"column":0},"end":{"line":15,"column":16}},"13":{"start":{"line":17,"column":13},"end":{"line":17,"column":38}},"14":{"start":{"line":18,"column":15},"end":{"line":18,"column":37}},"15":{"start":{"line":19,"column":15},"end":{"line":19,"column":53}},"16":{"start":{"line":21,"column":18},"end":{"line":30,"column":1}},"17":{"start":{"line":22,"column":2},"end":{"line":29,"column":3}},"18":{"start":{"line":23,"column":16},"end":{"line":23,"column":56}},"19":{"start":{"line":24,"column":4},"end":{"line":24,"column":35}},"20":{"start":{"line":25,"column":4},"end":{"line":25,"column":15}},"21":{"start":{"line":27,"column":4},"end":{"line":27,"column":21}},"22":{"start":{"line":28,"column":4},"end":{"line":28,"column":21}},"23":{"start":{"line":32,"column":12},"end":{"line":32,"column":23}},"24":{"start":{"line":34,"column":17},"end":{"line":41,"column":2}},"25":{"start":{"line":34,"column":28},"end":{"line":41,"column":2}},"26":{"start":{"line":35,"column":2},"end":{"line":40,"column":3}},"27":{"start":{"line":36,"column":18},"end":{"line":36,"column":48}},"28":{"start":{"line":37,"column":4},"end":{"line":37,"column":17}},"29":{"start":{"line":39,"column":4},"end":{"line":39,"column":19}},"30":{"start":{"line":43,"column":0},"end":{"line":45,"column":3}},"31":{"start":{"line":44,"column":2},"end":{"line":44,"column":20}},"32":{"start":{"line":69,"column":12},"end":{"line":69,"column":35}},"33":{"start":{"line":71,"column":17},"end":{"line":71,"column":49}},"34":{"start":{"line":75,"column":0},"end":{"line":75,"column":16}},"35":{"start":{"line":76,"column":0},"end":{"line":76,"column":24}},"36":{"start":{"line":77,"column":0},"end":{"line":77,"column":49}},"37":{"start":{"line":78,"column":0},"end":{"line":78,"column":33}},"38":{"start":{"line":79,"column":0},"end":{"line":79,"column":33}},"39":{"start":{"line":80,"column":0},"end":{"line":80,"column":39}},"40":{"start":{"line":81,"column":0},"end":{"line":81,"column":34}},"41":{"start":{"line":83,"column":0},"end":{"line":83,"column":22}},"42":{"start":{"line":86,"column":21},"end":{"line":91,"column":2}},"43":{"start":{"line":93,"column":13},"end":{"line":93,"column":37}},"44":{"start":{"line":95,"column":0},"end":{"line":111,"column":3}},"45":{"start":{"line":96,"column":2},"end":{"line":109,"column":7}},"46":{"start":{"line":105,"column":6},"end":{"line":105,"column":28}},"47":{"start":{"line":108,"column":6},"end":{"line":108,"column":25}},"48":{"start":{"line":110,"column":2},"end":{"line":110,"column":42}},"49":{"start":{"line":113,"column":0},"end":{"line":115,"column":3}},"50":{"start":{"line":114,"column":2},"end":{"line":114,"column":73}},"51":{"start":{"line":118,"column":0},"end":{"line":131,"column":3}},"52":{"start":{"line":119,"column":2},"end":{"line":119,"column":58}},"53":{"start":{"line":120,"column":2},"end":{"line":120,"column":48}},"54":{"start":{"line":122,"column":2},"end":{"line":122,"column":37}},"55":{"start":{"line":124,"column":2},"end":{"line":124,"column":35}},"56":{"start":{"line":126,"column":2},"end":{"line":126,"column":35}},"57":{"start":{"line":128,"column":2},"end":{"line":128,"column":40}},"58":{"start":{"line":130,"column":2},"end":{"line":130,"column":36}}},"fnMap":{"0":{"name":"(anonymous_8)","decl":{"start":{"line":21,"column":18},"end":{"line":21,"column":21}},"loc":{"start":{"line":21,"column":23},"end":{"line":30,"column":1}}},"1":{"name":"(anonymous_9)","decl":{"start":{"line":34,"column":17},"end":{"line":34,"column":26}},"loc":{"start":{"line":34,"column":28},"end":{"line":41,"column":2}}},"2":{"name":"(anonymous_10)","decl":{"start":{"line":34,"column":28},"end":{"line":34,"column":null}},"loc":{"start":{"line":34,"column":28},"end":{"line":41,"column":1}}},"3":{"name":"(anonymous_11)","decl":{"start":{"line":43,"column":16},"end":{"line":43,"column":17}},"loc":{"start":{"line":43,"column":25},"end":{"line":45,"column":1}}},"4":{"name":"(anonymous_12)","decl":{"start":{"line":71,"column":17},"end":{"line":71,"column":18}},"loc":{"start":{"line":71,"column":46},"end":{"line":71,"column":49}}},"5":{"name":"(anonymous_13)","decl":{"start":{"line":95,"column":13},"end":{"line":95,"column":14}},"loc":{"start":{"line":95,"column":45},"end":{"line":111,"column":1}}},"6":{"name":"(anonymous_14)","decl":{"start":{"line":104,"column":10},"end":{"line":104,"column":11}},"loc":{"start":{"line":104,"column":23},"end":{"line":106,"column":5}}},"7":{"name":"(anonymous_15)","decl":{"start":{"line":107,"column":11},"end":{"line":107,"column":12}},"loc":{"start":{"line":107,"column":21},"end":{"line":109,"column":5}}},"8":{"name":"(anonymous_16)","decl":{"start":{"line":113,"column":20},"end":{"line":113,"column":23}},"loc":{"start":{"line":113,"column":25},"end":{"line":115,"column":1}}},"9":{"name":"(anonymous_17)","decl":{"start":{"line":118,"column":30},"end":{"line":118,"column":31}},"loc":{"start":{"line":118,"column":41},"end":{"line":131,"column":1}}},"10":{"name":"(anonymous_18)","decl":{"start":{"line":122,"column":27},"end":{"line":122,"column":30}},"loc":{"start":{"line":122,"column":32},"end":{"line":122,"column":35}}},"11":{"name":"(anonymous_19)","decl":{"start":{"line":124,"column":25},"end":{"line":124,"column":28}},"loc":{"start":{"line":124,"column":30},"end":{"line":124,"column":33}}},"12":{"name":"(anonymous_20)","decl":{"start":{"line":126,"column":25},"end":{"line":126,"column":28}},"loc":{"start":{"line":126,"column":30},"end":{"line":126,"column":33}}},"13":{"name":"(anonymous_21)","decl":{"start":{"line":128,"column":30},"end":{"line":128,"column":33}},"loc":{"start":{"line":128,"column":35},"end":{"line":128,"column":38}}},"14":{"name":"(anonymous_22)","decl":{"start":{"line":130,"column":26},"end":{"line":130,"column":29}},"loc":{"start":{"line":130,"column":31},"end":{"line":130,"column":34}}}},"branchMap":{"0":{"loc":{"start":{"line":93,"column":13},"end":{"line":93,"column":37}},"type":"binary-expr","locations":[{"start":{"line":93,"column":13},"end":{"line":93,"column":29}},{"start":{"line":93,"column":33},"end":{"line":93,"column":37}}]}},"s":{"0":1,"1":1,"2":1,"3":1,"4":1,"5":1,"6":1,"7":1,"8":1,"9":1,"10":1,"11":1,"12":1,"13":1,"14":1,"15":1,"16":1,"17":1,"18":1,"19":1,"20":1,"21":0,"22":0,"23":1,"24":1,"25":1,"26":1,"27":1,"28":1,"29":0,"30":1,"31":1,"32":1,"33":1,"34":1,"35":1,"36":1,"37":1,"38":1,"39":1,"40":1,"41":1,"42":1,"43":1,"44":1,"45":0,"46":0,"47":0,"48":0,"49":1,"50":1,"51":1,"52":0,"53":0,"54":0,"55":0,"56":0,"57":0,"58":0},"f":{"0":1,"1":1,"2":1,"3":1,"4":0,"5":0,"6":0,"7":0,"8":1,"9":0,"10":0,"11":0,"12":0,"13":0,"14":0},"b":{"0":[1,1]}}
,"/home/jaey/Projects/Javascript/Nodejs/playing-cards-api/src/config/db.ts": {"path":"/home/jaey/Projects/Javascript/Nodejs/playing-cards-api/src/config/db.ts","statementMap":{"0":{"start":{"line":1,"column":0},"end":{"line":1,"column":48}},"1":{"start":{"line":2,"column":0},"end":{"line":2,"column":28}},"2":{"start":{"line":4,"column":0},"end":{"line":4,"column":16}},"3":{"start":{"line":5,"column":0},"end":{"line":5,"column":38}},"4":{"start":{"line":7,"column":12},"end":{"line":7,"column":52}},"5":{"start":{"line":9,"column":0},"end":{"line":9,"column":19}}},"fnMap":{},"branchMap":{},"s":{"0":1,"1":1,"2":1,"3":1,"4":1,"5":1},"f":{},"b":{}}
,"/home/jaey/Projects/Javascript/Nodejs/playing-cards-api/src/controllers/auth.ts": {"path":"/home/jaey/Projects/Javascript/Nodejs/playing-cards-api/src/controllers/auth.ts","statementMap":{"0":{"start":{"line":2,"column":0},"end":{"line":2,"column":30}},"1":{"start":{"line":4,"column":0},"end":{"line":4,"column":55}},"2":{"start":{"line":5,"column":0},"end":{"line":5,"column":55}},"3":{"start":{"line":6,"column":0},"end":{"line":6,"column":31}},"4":{"start":{"line":8,"column":21},"end":{"line":41,"column":null}},"5":{"start":{"line":9,"column":75},"end":{"line":41,"column":null}},"6":{"start":{"line":10,"column":42},"end":{"line":10,"column":50}},"7":{"start":{"line":12,"column":4},"end":{"line":15,"column":5}},"8":{"start":{"line":13,"column":6},"end":{"line":13,"column":22}},"9":{"start":{"line":14,"column":6},"end":{"line":14,"column":49}},"10":{"start":{"line":19,"column":6},"end":{"line":19,"column":65}},"11":{"start":{"line":20,"column":4},"end":{"line":23,"column":5}},"12":{"start":{"line":21,"column":6},"end":{"line":21,"column":22}},"13":{"start":{"line":22,"column":6},"end":{"line":22,"column":45}},"14":{"start":{"line":26,"column":17},"end":{"line":26,"column":41}},"15":{"start":{"line":27,"column":27},"end":{"line":27,"column":60}},"16":{"start":{"line":30,"column":20},"end":{"line":34,"column":8}},"17":{"start":{"line":37,"column":18},"end":{"line":37,"column":46}},"18":{"start":{"line":39,"column":4},"end":{"line":39,"column":77}},"19":{"start":{"line":40,"column":4},"end":{"line":40,"column":11}},"20":{"start":{"line":78,"column":9},"end":{"line":78,"column":21}},"21":{"start":{"line":44,"column":18},"end":{"line":75,"column":null}},"22":{"start":{"line":45,"column":75},"end":{"line":75,"column":null}},"23":{"start":{"line":46,"column":32},"end":{"line":46,"column":40}},"24":{"start":{"line":48,"column":4},"end":{"line":51,"column":5}},"25":{"start":{"line":49,"column":6},"end":{"line":49,"column":22}},"26":{"start":{"line":50,"column":6},"end":{"line":50,"column":49}},"27":{"start":{"line":54,"column":18},"end":{"line":54,"column":71}},"28":{"start":{"line":56,"column":4},"end":{"line":59,"column":5}},"29":{"start":{"line":57,"column":6},"end":{"line":57,"column":22}},"30":{"start":{"line":58,"column":6},"end":{"line":58,"column":45}},"31":{"start":{"line":61,"column":17},"end":{"line":61,"column":25}},"32":{"start":{"line":64,"column":20},"end":{"line":64,"column":70}},"33":{"start":{"line":66,"column":4},"end":{"line":69,"column":5}},"34":{"start":{"line":67,"column":6},"end":{"line":67,"column":22}},"35":{"start":{"line":68,"column":6},"end":{"line":68,"column":45}},"36":{"start":{"line":71,"column":18},"end":{"line":71,"column":40}},"37":{"start":{"line":73,"column":4},"end":{"line":73,"column":33}},"38":{"start":{"line":74,"column":4},"end":{"line":74,"column":11}},"39":{"start":{"line":78,"column":23},"end":{"line":78,"column":32}}},"fnMap":{"0":{"name":"(anonymous_8)","decl":{"start":{"line":9,"column":2},"end":{"line":9,"column":9}},"loc":{"start":{"line":9,"column":75},"end":{"line":41,"column":null}}},"1":{"name":"(anonymous_9)","decl":{"start":{"line":9,"column":75},"end":{"line":9,"column":null}},"loc":{"start":{"line":9,"column":75},"end":{"line":41,"column":3}}},"2":{"name":"(anonymous_10)","decl":{"start":{"line":45,"column":2},"end":{"line":45,"column":9}},"loc":{"start":{"line":45,"column":75},"end":{"line":75,"column":null}}},"3":{"name":"(anonymous_11)","decl":{"start":{"line":45,"column":75},"end":{"line":45,"column":null}},"loc":{"start":{"line":45,"column":75},"end":{"line":75,"column":3}}}},"branchMap":{"0":{"loc":{"start":{"line":12,"column":4},"end":{"line":15,"column":5}},"type":"if","locations":[{"start":{"line":12,"column":4},"end":{"line":15,"column":5}}]},"1":{"loc":{"start":{"line":12,"column":8},"end":{"line":12,"column":40}},"type":"binary-expr","locations":[{"start":{"line":12,"column":8},"end":{"line":12,"column":17}},{"start":{"line":12,"column":21},"end":{"line":12,"column":30}},{"start":{"line":12,"column":34},"end":{"line":12,"column":40}}]},"2":{"loc":{"start":{"line":20,"column":4},"end":{"line":23,"column":5}},"type":"if","locations":[{"start":{"line":20,"column":4},"end":{"line":23,"column":5}}]},"3":{"loc":{"start":{"line":48,"column":4},"end":{"line":51,"column":5}},"type":"if","locations":[{"start":{"line":48,"column":4},"end":{"line":51,"column":5}}]},"4":{"loc":{"start":{"line":48,"column":8},"end":{"line":48,"column":27}},"type":"binary-expr","locations":[{"start":{"line":48,"column":8},"end":{"line":48,"column":14}},{"start":{"line":48,"column":18},"end":{"line":48,"column":27}}]},"5":{"loc":{"start":{"line":56,"column":4},"end":{"line":59,"column":5}},"type":"if","locations":[{"start":{"line":56,"column":4},"end":{"line":59,"column":5}}]},"6":{"loc":{"start":{"line":66,"column":4},"end":{"line":69,"column":5}},"type":"if","locations":[{"start":{"line":66,"column":4},"end":{"line":69,"column":5}}]}},"s":{"0":1,"1":1,"2":1,"3":1,"4":1,"5":3,"6":3,"7":3,"8":1,"9":1,"10":2,"11":2,"12":1,"13":1,"14":1,"15":1,"16":1,"17":1,"18":1,"19":1,"20":1,"21":1,"22":3,"23":3,"24":3,"25":0,"26":0,"27":3,"28":3,"29":1,"30":1,"31":2,"32":2,"33":2,"34":1,"35":1,"36":1,"37":1,"38":1,"39":1},"f":{"0":3,"1":3,"2":3,"3":3},"b":{"0":[1],"1":[3,3,2],"2":[1],"3":[0],"4":[3,3],"5":[1],"6":[1]}}
,"/home/jaey/Projects/Javascript/Nodejs/playing-cards-api/src/controllers/friends.ts": {"path":"/home/jaey/Projects/Javascript/Nodejs/playing-cards-api/src/controllers/friends.ts","statementMap":{"0":{"start":{"line":4,"column":19},"end":{"line":23,"column":null}},"1":{"start":{"line":4,"column":53},"end":{"line":23,"column":null}},"2":{"start":{"line":7,"column":20},"end":{"line":16,"column":null}},"3":{"start":{"line":17,"column":4},"end":{"line":17,"column":49}},"4":{"start":{"line":20,"column":4},"end":{"line":20,"column":25}},"5":{"start":{"line":29,"column":8},"end":{"line":29,"column":18}},"6":{"start":{"line":25,"column":18},"end":{"line":27,"column":null}},"7":{"start":{"line":25,"column":53},"end":{"line":27,"column":null}},"8":{"start":{"line":26,"column":4},"end":{"line":26,"column":48}},"9":{"start":{"line":29,"column":20},"end":{"line":29,"column":29}}},"fnMap":{"0":{"name":"(anonymous_7)","decl":{"start":{"line":4,"column":19},"end":{"line":4,"column":25}},"loc":{"start":{"line":4,"column":53},"end":{"line":23,"column":null}}},"1":{"name":"(anonymous_8)","decl":{"start":{"line":4,"column":53},"end":{"line":4,"column":null}},"loc":{"start":{"line":4,"column":53},"end":{"line":23,"column":1}}},"2":{"name":"(anonymous_9)","decl":{"start":{"line":25,"column":18},"end":{"line":25,"column":24}},"loc":{"start":{"line":25,"column":53},"end":{"line":27,"column":null}}},"3":{"name":"(anonymous_10)","decl":{"start":{"line":25,"column":53},"end":{"line":25,"column":null}},"loc":{"start":{"line":25,"column":53},"end":{"line":27,"column":1}}}},"branchMap":{},"s":{"0":1,"1":0,"2":0,"3":0,"4":0,"5":1,"6":1,"7":0,"8":0,"9":1},"f":{"0":0,"1":0,"2":0,"3":0},"b":{}}
,"/home/jaey/Projects/Javascript/Nodejs/playing-cards-api/src/controllers/game.ts": {"path":"/home/jaey/Projects/Javascript/Nodejs/playing-cards-api/src/controllers/game.ts","statementMap":{"0":{"start":{"line":4,"column":19},"end":{"line":7,"column":null}},"1":{"start":{"line":4,"column":55},"end":{"line":7,"column":null}},"2":{"start":{"line":6,"column":4},"end":{"line":6,"column":49}},"3":{"start":{"line":14,"column":8},"end":{"line":14,"column":18}},"4":{"start":{"line":10,"column":17},"end":{"line":12,"column":null}},"5":{"start":{"line":10,"column":53},"end":{"line":12,"column":null}},"6":{"start":{"line":11,"column":4},"end":{"line":11,"column":47}},"7":{"start":{"line":14,"column":20},"end":{"line":14,"column":28}}},"fnMap":{"0":{"name":"(anonymous_7)","decl":{"start":{"line":4,"column":19},"end":{"line":4,"column":25}},"loc":{"start":{"line":4,"column":55},"end":{"line":7,"column":null}}},"1":{"name":"(anonymous_8)","decl":{"start":{"line":4,"column":55},"end":{"line":4,"column":null}},"loc":{"start":{"line":4,"column":55},"end":{"line":7,"column":1}}},"2":{"name":"(anonymous_9)","decl":{"start":{"line":10,"column":17},"end":{"line":10,"column":23}},"loc":{"start":{"line":10,"column":53},"end":{"line":12,"column":null}}},"3":{"name":"(anonymous_10)","decl":{"start":{"line":10,"column":53},"end":{"line":10,"column":null}},"loc":{"start":{"line":10,"column":53},"end":{"line":12,"column":1}}}},"branchMap":{},"s":{"0":1,"1":0,"2":0,"3":1,"4":1,"5":0,"6":0,"7":1},"f":{"0":0,"1":0,"2":0,"3":0},"b":{}}
,"/home/jaey/Projects/Javascript/Nodejs/playing-cards-api/src/controllers/users.ts": {"path":"/home/jaey/Projects/Javascript/Nodejs/playing-cards-api/src/controllers/users.ts","statementMap":{"0":{"start":{"line":3,"column":23},"end":{"line":5,"column":null}},"1":{"start":{"line":3,"column":57},"end":{"line":5,"column":null}},"2":{"start":{"line":4,"column":4},"end":{"line":4,"column":66}},"3":{"start":{"line":11,"column":8},"end":{"line":11,"column":22}},"4":{"start":{"line":7,"column":26},"end":{"line":9,"column":null}},"5":{"start":{"line":7,"column":60},"end":{"line":9,"column":null}},"6":{"start":{"line":8,"column":4},"end":{"line":8,"column":69}},"7":{"start":{"line":11,"column":24},"end":{"line":11,"column":41}}},"fnMap":{"0":{"name":"(anonymous_7)","decl":{"start":{"line":3,"column":23},"end":{"line":3,"column":29}},"loc":{"start":{"line":3,"column":57},"end":{"line":5,"column":null}}},"1":{"name":"(anonymous_8)","decl":{"start":{"line":3,"column":57},"end":{"line":3,"column":null}},"loc":{"start":{"line":3,"column":57},"end":{"line":5,"column":1}}},"2":{"name":"(anonymous_9)","decl":{"start":{"line":7,"column":26},"end":{"line":7,"column":32}},"loc":{"start":{"line":7,"column":60},"end":{"line":9,"column":null}}},"3":{"name":"(anonymous_10)","decl":{"start":{"line":7,"column":60},"end":{"line":7,"column":null}},"loc":{"start":{"line":7,"column":60},"end":{"line":9,"column":1}}}},"branchMap":{},"s":{"0":1,"1":0,"2":0,"3":1,"4":1,"5":0,"6":0,"7":1},"f":{"0":0,"1":0,"2":0,"3":0},"b":{}}
,"/home/jaey/Projects/Javascript/Nodejs/playing-cards-api/src/middlewares/errorHandler.ts": {"path":"/home/jaey/Projects/Javascript/Nodejs/playing-cards-api/src/middlewares/errorHandler.ts","statementMap":{"0":{"start":{"line":7,"column":21},"end":{"line":22,"column":1}},"1":{"start":{"line":13,"column":21},"end":{"line":13,"column":66}},"2":{"start":{"line":14,"column":18},"end":{"line":14,"column":56}},"3":{"start":{"line":16,"column":2},"end":{"line":19,"column":5}},"4":{"start":{"line":21,"column":2},"end":{"line":21,"column":9}},"5":{"start":{"line":24,"column":0},"end":{"line":24,"column":28}}},"fnMap":{"0":{"name":"(anonymous_0)","decl":{"start":{"line":7,"column":21},"end":{"line":7,"column":null}},"loc":{"start":{"line":12,"column":4},"end":{"line":22,"column":1}}}},"branchMap":{"0":{"loc":{"start":{"line":13,"column":21},"end":{"line":13,"column":66}},"type":"cond-expr","locations":[{"start":{"line":13,"column":46},"end":{"line":13,"column":49}},{"start":{"line":13,"column":52},"end":{"line":13,"column":66}}]},"1":{"loc":{"start":{"line":14,"column":18},"end":{"line":14,"column":56}},"type":"binary-expr","locations":[{"start":{"line":14,"column":18},"end":{"line":14,"column":29}},{"start":{"line":14,"column":33},"end":{"line":14,"column":56}}]},"2":{"loc":{"start":{"line":18,"column":11},"end":{"line":18,"column":67}},"type":"cond-expr","locations":[{"start":{"line":18,"column":51},"end":{"line":18,"column":55}},{"start":{"line":18,"column":58},"end":{"line":18,"column":67}}]}},"s":{"0":1,"1":4,"2":4,"3":4,"4":4,"5":1},"f":{"0":4},"b":{"0":[0,4],"1":[4,0],"2":[0,4]}}
,"/home/jaey/Projects/Javascript/Nodejs/playing-cards-api/src/routes/auth.ts": {"path":"/home/jaey/Projects/Javascript/Nodejs/playing-cards-api/src/routes/auth.ts","statementMap":{"0":{"start":{"line":1,"column":0},"end":{"line":1,"column":33}},"1":{"start":{"line":3,"column":0},"end":{"line":3,"column":62}},"2":{"start":{"line":5,"column":15},"end":{"line":5,"column":23}},"3":{"start":{"line":7,"column":0},"end":{"line":7,"column":39}},"4":{"start":{"line":9,"column":0},"end":{"line":9,"column":33}},"5":{"start":{"line":13,"column":0},"end":{"line":13,"column":22}}},"fnMap":{},"branchMap":{},"s":{"0":1,"1":1,"2":1,"3":1,"4":1,"5":1},"f":{},"b":{}}
,"/home/jaey/Projects/Javascript/Nodejs/playing-cards-api/src/routes/friends.ts": {"path":"/home/jaey/Projects/Javascript/Nodejs/playing-cards-api/src/routes/friends.ts","statementMap":{"0":{"start":{"line":1,"column":0},"end":{"line":1,"column":33}},"1":{"start":{"line":2,"column":0},"end":{"line":2,"column":63}},"2":{"start":{"line":6,"column":15},"end":{"line":6,"column":23}},"3":{"start":{"line":8,"column":0},"end":{"line":8,"column":28}},"4":{"start":{"line":10,"column":0},"end":{"line":10,"column":31}},"5":{"start":{"line":12,"column":0},"end":{"line":12,"column":22}}},"fnMap":{},"branchMap":{},"s":{"0":1,"1":1,"2":1,"3":1,"4":1,"5":1},"f":{},"b":{}}
,"/home/jaey/Projects/Javascript/Nodejs/playing-cards-api/src/routes/game.ts": {"path":"/home/jaey/Projects/Javascript/Nodejs/playing-cards-api/src/routes/game.ts","statementMap":{"0":{"start":{"line":1,"column":0},"end":{"line":1,"column":33}},"1":{"start":{"line":2,"column":0},"end":{"line":2,"column":59}},"2":{"start":{"line":5,"column":15},"end":{"line":5,"column":23}},"3":{"start":{"line":7,"column":0},"end":{"line":7,"column":35}},"4":{"start":{"line":9,"column":0},"end":{"line":9,"column":30}},"5":{"start":{"line":13,"column":0},"end":{"line":13,"column":22}}},"fnMap":{},"branchMap":{},"s":{"0":1,"1":1,"2":1,"3":1,"4":1,"5":1},"f":{},"b":{}}
,"/home/jaey/Projects/Javascript/Nodejs/playing-cards-api/src/routes/users.ts": {"path":"/home/jaey/Projects/Javascript/Nodejs/playing-cards-api/src/routes/users.ts","statementMap":{"0":{"start":{"line":1,"column":0},"end":{"line":1,"column":33}},"1":{"start":{"line":2,"column":0},"end":{"line":2,"column":73}},"2":{"start":{"line":4,"column":15},"end":{"line":4,"column":23}},"3":{"start":{"line":6,"column":0},"end":{"line":6,"column":35}},"4":{"start":{"line":8,"column":0},"end":{"line":8,"column":38}},"5":{"start":{"line":11,"column":0},"end":{"line":11,"column":22}}},"fnMap":{},"branchMap":{},"s":{"0":1,"1":1,"2":1,"3":1,"4":1,"5":1},"f":{},"b":{}}
,"/home/jaey/Projects/Javascript/Nodejs/playing-cards-api/src/utils/generateToken.ts": {"path":"/home/jaey/Projects/Javascript/Nodejs/playing-cards-api/src/utils/generateToken.ts","statementMap":{"0":{"start":{"line":1,"column":0},"end":{"line":1,"column":31}},"1":{"start":{"line":2,"column":0},"end":{"line":2,"column":28}},"2":{"start":{"line":4,"column":0},"end":{"line":4,"column":16}},"3":{"start":{"line":6,"column":29},"end":{"line":12,"column":1}},"4":{"start":{"line":9,"column":2},"end":{"line":11,"column":5}},"5":{"start":{"line":6,"column":13},"end":{"line":6,"column":29}}},"fnMap":{"0":{"name":"(anonymous_1)","decl":{"start":{"line":6,"column":29},"end":{"line":6,"column":30}},"loc":{"start":{"line":6,"column":44},"end":{"line":12,"column":1}}}},"branchMap":{},"s":{"0":1,"1":1,"2":1,"3":1,"4":2,"5":1},"f":{"0":2},"b":{}}
}
