TN:
SF:src/index.ts
FN:21,(anonymous_8)
FN:34,(anonymous_9)
FN:34,(anonymous_10)
FN:43,(anonymous_11)
FN:71,(anonymous_12)
FN:95,(anonymous_13)
FN:104,(anonymous_14)
FN:107,(anonymous_15)
FN:113,(anonymous_16)
FN:118,(anonymous_17)
FN:122,(anonymous_18)
FN:124,(anonymous_19)
FN:126,(anonymous_20)
FN:128,(anonymous_21)
FN:130,(anonymous_22)
FNF:15
FNH:5
FNDA:1,(anonymous_8)
FNDA:1,(anonymous_9)
FNDA:1,(anonymous_10)
FNDA:1,(anonymous_11)
FNDA:0,(anonymous_12)
FNDA:0,(anonymous_13)
FNDA:0,(anonymous_14)
FNDA:0,(anonymous_15)
FNDA:1,(anonymous_16)
FNDA:0,(anonymous_17)
FNDA:0,(anonymous_18)
FNDA:0,(anonymous_19)
FNDA:0,(anonymous_20)
FNDA:0,(anonymous_21)
FNDA:0,(anonymous_22)
DA:1,1
DA:2,1
DA:3,1
DA:4,1
DA:5,1
DA:6,1
DA:7,1
DA:8,1
DA:9,1
DA:10,1
DA:11,1
DA:13,1
DA:15,1
DA:17,1
DA:18,1
DA:19,1
DA:21,1
DA:22,1
DA:23,1
DA:24,1
DA:25,1
DA:27,0
DA:28,0
DA:32,1
DA:34,1
DA:35,1
DA:36,1
DA:37,1
DA:39,0
DA:43,1
DA:44,1
DA:69,1
DA:71,1
DA:75,1
DA:76,1
DA:77,1
DA:78,1
DA:79,1
DA:80,1
DA:81,1
DA:83,1
DA:86,1
DA:93,1
DA:95,1
DA:96,0
DA:105,0
DA:108,0
DA:110,0
DA:113,1
DA:114,1
DA:118,1
DA:119,0
DA:120,0
DA:122,0
DA:124,0
DA:126,0
DA:128,0
DA:130,0
LF:58
LH:44
BRDA:93,0,0,1
BRDA:93,0,1,1
BRF:2
BRH:2
end_of_record
TN:
SF:src/config/db.ts
FNF:0
FNH:0
DA:1,1
DA:2,1
DA:4,1
DA:5,1
DA:7,1
DA:9,1
LF:6
LH:6
BRF:0
BRH:0
end_of_record
TN:
SF:src/controllers/auth.ts
FN:9,(anonymous_8)
FN:9,(anonymous_9)
FN:45,(anonymous_10)
FN:45,(anonymous_11)
FNF:4
FNH:4
FNDA:3,(anonymous_8)
FNDA:3,(anonymous_9)
FNDA:3,(anonymous_10)
FNDA:3,(anonymous_11)
DA:2,1
DA:4,1
DA:5,1
DA:6,1
DA:8,1
DA:9,3
DA:10,3
DA:12,3
DA:13,1
DA:14,1
DA:19,2
DA:20,2
DA:21,1
DA:22,1
DA:26,1
DA:27,1
DA:30,1
DA:37,1
DA:39,1
DA:40,1
DA:44,1
DA:45,3
DA:46,3
DA:48,3
DA:49,0
DA:50,0
DA:54,3
DA:56,3
DA:57,1
DA:58,1
DA:61,2
DA:64,2
DA:66,2
DA:67,1
DA:68,1
DA:71,1
DA:73,1
DA:74,1
DA:78,1
LF:39
LH:37
BRDA:12,0,0,1
BRDA:12,1,0,3
BRDA:12,1,1,3
BRDA:12,1,2,2
BRDA:20,2,0,1
BRDA:48,3,0,0
BRDA:48,4,0,3
BRDA:48,4,1,3
BRDA:56,5,0,1
BRDA:66,6,0,1
BRF:10
BRH:9
end_of_record
TN:
SF:src/controllers/friends.ts
FN:4,(anonymous_7)
FN:4,(anonymous_8)
FN:25,(anonymous_9)
FN:25,(anonymous_10)
FNF:4
FNH:0
FNDA:0,(anonymous_7)
FNDA:0,(anonymous_8)
FNDA:0,(anonymous_9)
FNDA:0,(anonymous_10)
DA:4,1
DA:7,0
DA:17,0
DA:20,0
DA:25,1
DA:26,0
DA:29,1
LF:7
LH:3
BRF:0
BRH:0
end_of_record
TN:
SF:src/controllers/game.ts
FN:4,(anonymous_7)
FN:4,(anonymous_8)
FN:10,(anonymous_9)
FN:10,(anonymous_10)
FNF:4
FNH:0
FNDA:0,(anonymous_7)
FNDA:0,(anonymous_8)
FNDA:0,(anonymous_9)
FNDA:0,(anonymous_10)
DA:4,1
DA:6,0
DA:10,1
DA:11,0
DA:14,1
LF:5
LH:3
BRF:0
BRH:0
end_of_record
TN:
SF:src/controllers/users.ts
FN:3,(anonymous_7)
FN:3,(anonymous_8)
FN:7,(anonymous_9)
FN:7,(anonymous_10)
FNF:4
FNH:0
FNDA:0,(anonymous_7)
FNDA:0,(anonymous_8)
FNDA:0,(anonymous_9)
FNDA:0,(anonymous_10)
DA:3,1
DA:4,0
DA:7,1
DA:8,0
DA:11,1
LF:5
LH:3
BRF:0
BRH:0
end_of_record
TN:
SF:src/middlewares/errorHandler.ts
FN:7,(anonymous_0)
FNF:1
FNH:1
FNDA:4,(anonymous_0)
DA:7,1
DA:13,4
DA:14,4
DA:16,4
DA:21,4
DA:24,1
LF:6
LH:6
BRDA:13,0,0,0
BRDA:13,0,1,4
BRDA:14,1,0,4
BRDA:14,1,1,0
BRDA:18,2,0,0
BRDA:18,2,1,4
BRF:6
BRH:3
end_of_record
TN:
SF:src/routes/auth.ts
FNF:0
FNH:0
DA:1,1
DA:3,1
DA:5,1
DA:7,1
DA:9,1
DA:13,1
LF:6
LH:6
BRF:0
BRH:0
end_of_record
TN:
SF:src/routes/friends.ts
FNF:0
FNH:0
DA:1,1
DA:2,1
DA:6,1
DA:8,1
DA:10,1
DA:12,1
LF:6
LH:6
BRF:0
BRH:0
end_of_record
TN:
SF:src/routes/game.ts
FNF:0
FNH:0
DA:1,1
DA:2,1
DA:5,1
DA:7,1
DA:9,1
DA:13,1
LF:6
LH:6
BRF:0
BRH:0
end_of_record
TN:
SF:src/routes/users.ts
FNF:0
FNH:0
DA:1,1
DA:2,1
DA:4,1
DA:6,1
DA:8,1
DA:11,1
LF:6
LH:6
BRF:0
BRH:0
end_of_record
TN:
SF:src/utils/generateToken.ts
FN:6,(anonymous_1)
FNF:1
FNH:1
FNDA:2,(anonymous_1)
DA:1,1
DA:2,1
DA:4,1
DA:6,1
DA:9,2
LF:5
LH:5
BRF:0
BRH:0
end_of_record
